[23:40:50] [main/INFO]: Setting user: Player742
[23:40:51] [Client thread/INFO]: LWJGL Version: 2.9.1
[23:40:59] [Client thread/INFO]: Reloading ResourceManager: Default, FMLFileResourcePack:Forge Mod Loader, FMLFileResourcePack:Minecraft Forge, FMLFileResourcePack:Flux Warp
[23:41:00] [Sound Library Loader/INFO]: Sound engine started
[23:41:00] [Client thread/INFO]: Created: 16x16 textures/blocks-atlas
[23:41:00] [Client thread/INFO]: Created: 16x16 textures/items-atlas
[23:41:01] [Client thread/INFO]: Reloading ResourceManager: Default, FMLFileResourcePack:Forge Mod Loader, FMLFileResourcePack:Minecraft Forge, FMLFileResourcePack:Flux Warp
[23:41:01] [Client thread/INFO]: Created: 256x256 textures/items-atlas
[23:41:01] [Client thread/INFO]: Created: 512x256 textures/blocks-atlas
[23:41:02] [Sound Library Loader/INFO]: Sound engine started
[23:41:05] [Server thread/INFO]: Starting integrated minecraft server version 1.7.10
[23:41:05] [Server thread/INFO]: Generating keypair
[23:41:06] [Server thread/INFO]: Preparing start region for level 0
[23:41:06] [Server thread/INFO]: Changing view distance to 12, from 10
[23:41:07] [Server thread/INFO]: Player742[local:E:bd32a5b8] logged in with entity id 141 at (-74.61323746480252, 206.0, -23.689982904776432)
[23:41:07] [Server thread/INFO]: Player742 joined the game
[23:41:19] [Server thread/INFO]: Saving and pausing game...
[23:41:19] [Server thread/INFO]: Saving chunks for level 'aaaaaaaaaaaaaaaaaaaaa'/Overworld
[23:41:19] [Server thread/INFO]: Saving chunks for level 'aaaaaaaaaaaaaaaaaaaaa'/Nether
[23:41:19] [Server thread/INFO]: Saving chunks for level 'aaaaaaaaaaaaaaaaaaaaa'/The End
[23:41:25] [Server thread/INFO]: Saving and pausing game...
[23:41:25] [Server thread/INFO]: Saving chunks for level 'aaaaaaaaaaaaaaaaaaaaa'/Overworld
[23:41:25] [Server thread/INFO]: Saving chunks for level 'aaaaaaaaaaaaaaaaaaaaa'/Nether
[23:41:25] [Server thread/INFO]: Saving chunks for level 'aaaaaaaaaaaaaaaaaaaaa'/The End
[23:41:49] [Server thread/INFO]: Saving and pausing game...
[23:41:49] [Server thread/INFO]: Saving chunks for level 'aaaaaaaaaaaaaaaaaaaaa'/Overworld
[23:41:49] [Server thread/INFO]: Saving chunks for level 'aaaaaaaaaaaaaaaaaaaaa'/Nether
[23:41:49] [Server thread/INFO]: Saving chunks for level 'aaaaaaaaaaaaaaaaaaaaa'/The End
[23:41:59] [Server thread/INFO]: Saving and pausing game...
[23:41:59] [Server thread/INFO]: Saving chunks for level 'aaaaaaaaaaaaaaaaaaaaa'/Overworld
[23:41:59] [Server thread/INFO]: Saving chunks for level 'aaaaaaaaaaaaaaaaaaaaa'/Nether
[23:41:59] [Server thread/INFO]: Saving chunks for level 'aaaaaaaaaaaaaaaaaaaaa'/The End
[23:42:21] [Server thread/INFO]: Saving and pausing game...
[23:42:21] [Server thread/INFO]: Saving chunks for level 'aaaaaaaaaaaaaaaaaaaaa'/Overworld
[23:42:21] [Server thread/INFO]: Saving chunks for level 'aaaaaaaaaaaaaaaaaaaaa'/Nether
[23:42:21] [Server thread/INFO]: Saving chunks for level 'aaaaaaaaaaaaaaaaaaaaa'/The End
[23:42:24] [Server thread/INFO]: Stopping server
[23:42:24] [Server thread/INFO]: Saving players
[23:42:24] [Server thread/INFO]: Saving worlds
[23:42:24] [Server thread/INFO]: Saving chunks for level 'aaaaaaaaaaaaaaaaaaaaa'/Overworld
[23:42:24] [Server thread/INFO]: Saving chunks for level 'aaaaaaaaaaaaaaaaaaaaa'/Nether
[23:42:24] [Server thread/INFO]: Saving chunks for level 'aaaaaaaaaaaaaaaaaaaaa'/The End
[23:42:25] [Client thread/INFO]: Stopping!
